[20:25:44] [main/INFO]: Environment: authHost='https://authserver.mojang.com', accountsHost='https://api.mojang.com', sessionHost='https://sessionserver.mojang.com', servicesHost='https://api.minecraftservices.com', name='PROD'
[20:25:45] [main/WARN]: Ambiguity between arguments [teleport, location] and [teleport, destination] with inputs: [0.1 -0.5 .9, 0 0 0]
[20:25:45] [main/WARN]: Ambiguity between arguments [teleport, location] and [teleport, targets] with inputs: [0.1 -0.5 .9, 0 0 0]
[20:25:45] [main/WARN]: Ambiguity between arguments [teleport, destination] and [teleport, targets] with inputs: [Player, 0123, @e, dd12be42-52a9-4a91-a8a1-11c01849e498]
[20:25:45] [main/WARN]: Ambiguity between arguments [teleport, targets] and [teleport, destination] with inputs: [Player, 0123, dd12be42-52a9-4a91-a8a1-11c01849e498]
[20:25:45] [main/WARN]: Ambiguity between arguments [teleport, targets, location] and [teleport, targets, destination] with inputs: [0.1 -0.5 .9, 0 0 0]
[20:25:45] [main/INFO]: Reloading ResourceManager: Default
[20:25:45] [Worker-Main-4/INFO]: Loaded 7 recipes
[20:25:46] [Worker-Main-4/INFO]: Loaded 1137 advancements
[20:25:49] [Server thread/INFO]: Starting minecraft server version 1.17.1
[20:25:49] [Server thread/INFO]: Loading properties
[20:25:49] [Server thread/INFO]: Default game type: SURVIVAL
[20:25:49] [Server thread/INFO]: Generating keypair
[20:25:50] [Server thread/INFO]: Starting Minecraft server on *:25565
[20:25:50] [Server thread/INFO]: Using default channel type
[20:25:50] [Server thread/INFO]: Preparing level "world"
[20:25:50] [Server thread/INFO]: Preparing start region for dimension minecraft:overworld
[20:25:51] [Worker-Main-5/INFO]: Preparing spawn area: 0%
[20:25:58] [Worker-Main-5/INFO]: Preparing spawn area: 0%
[20:25:58] [Worker-Main-6/INFO]: Preparing spawn area: 0%
[20:25:58] [Worker-Main-4/INFO]: Preparing spawn area: 0%
[20:25:58] [Worker-Main-6/INFO]: Preparing spawn area: 0%
[20:25:58] [Worker-Main-4/INFO]: Preparing spawn area: 0%
[20:25:58] [Worker-Main-6/INFO]: Preparing spawn area: 0%
[20:25:58] [Worker-Main-4/INFO]: Preparing spawn area: 0%
[20:25:58] [Worker-Main-6/INFO]: Preparing spawn area: 0%
[20:25:58] [Worker-Main-4/INFO]: Preparing spawn area: 0%
[20:25:58] [Worker-Main-4/INFO]: Preparing spawn area: 0%
[20:25:58] [Worker-Main-6/INFO]: Preparing spawn area: 0%
[20:25:58] [Worker-Main-4/INFO]: Preparing spawn area: 0%
[20:25:58] [Worker-Main-6/INFO]: Preparing spawn area: 0%
[20:25:58] [Worker-Main-4/INFO]: Preparing spawn area: 0%
[20:25:58] [Worker-Main-4/INFO]: Preparing spawn area: 0%
[20:25:58] [Worker-Main-6/INFO]: Preparing spawn area: 0%
[20:26:00] [Worker-Main-4/INFO]: Preparing spawn area: 7%
[20:26:00] [Worker-Main-6/INFO]: Preparing spawn area: 7%
[20:26:00] [Worker-Main-5/INFO]: Preparing spawn area: 7%
[20:26:00] [Worker-Main-5/INFO]: Preparing spawn area: 7%
[20:26:01] [Worker-Main-6/INFO]: Preparing spawn area: 34%
[20:26:02] [Worker-Main-5/INFO]: Preparing spawn area: 44%
[20:26:02] [Worker-Main-4/INFO]: Preparing spawn area: 44%
[20:26:02] [Worker-Main-6/INFO]: Preparing spawn area: 68%
[20:26:03] [Worker-Main-5/INFO]: Preparing spawn area: 69%
[20:26:03] [Worker-Main-4/INFO]: Preparing spawn area: 70%
[20:26:04] [Worker-Main-6/INFO]: Preparing spawn area: 73%
[20:26:04] [Worker-Main-5/INFO]: Preparing spawn area: 75%
[20:26:05] [Worker-Main-6/INFO]: Preparing spawn area: 78%
[20:26:05] [Worker-Main-4/INFO]: Preparing spawn area: 82%
[20:26:06] [Worker-Main-5/INFO]: Preparing spawn area: 83%
[20:26:06] [Worker-Main-4/INFO]: Preparing spawn area: 83%
[20:26:07] [Worker-Main-5/INFO]: Preparing spawn area: 84%
[20:26:07] [Worker-Main-5/INFO]: Preparing spawn area: 85%
[20:26:08] [Worker-Main-5/INFO]: Preparing spawn area: 86%
[20:26:08] [Worker-Main-4/INFO]: Preparing spawn area: 87%
[20:26:09] [Worker-Main-5/INFO]: Preparing spawn area: 89%
[20:26:09] [Worker-Main-6/INFO]: Preparing spawn area: 90%
[20:26:10] [Worker-Main-5/INFO]: Preparing spawn area: 91%
[20:26:10] [Worker-Main-4/INFO]: Preparing spawn area: 93%
[20:26:11] [Worker-Main-6/INFO]: Preparing spawn area: 95%
[20:26:11] [Worker-Main-4/INFO]: Preparing spawn area: 97%
[20:26:12] [Worker-Main-4/INFO]: Preparing spawn area: 99%
[20:26:14] [Server thread/INFO]: Time elapsed: 23667 ms
[20:26:14] [Server thread/INFO]: Done (23.819s)! For help, type "help"
[20:26:20] [Server thread/INFO]: Stopping the server
[20:26:20] [Server thread/INFO]: Stopping server
[20:26:20] [Server thread/INFO]: Saving players
[20:26:20] [Server thread/INFO]: Saving worlds
[20:26:20] [Server thread/INFO]: Saving chunks for level 'ServerLevel[world]'/minecraft:overworld
[20:26:22] [Server thread/INFO]: Saving chunks for level 'ServerLevel[world]'/minecraft:the_nether
[20:26:22] [Server thread/INFO]: Saving chunks for level 'ServerLevel[world]'/minecraft:the_end
[20:26:22] [Server thread/INFO]: ThreadedAnvilChunkStorage (world): All chunks are saved
[20:26:22] [Server thread/INFO]: ThreadedAnvilChunkStorage (DIM-1): All chunks are saved
[20:26:22] [Server thread/INFO]: ThreadedAnvilChunkStorage (DIM1): All chunks are saved
[20:26:22] [Server thread/INFO]: ThreadedAnvilChunkStorage: All dimensions are saved
