2021-12-25 08:40:43,143:WARNING:discord.client: PyNaCl is not installed, voice will NOT be supported
2021-12-25 08:40:43,143:INFO:discord.client: logging in using static token
2021-12-25 08:40:43,464:DEBUG:discord.http: GET https://discord.com/api/v7/users/@me with None has returned 200
2021-12-25 08:40:43,465:DEBUG:discord.http: GET https://discord.com/api/v7/users/@me has received {'id': '892164802644955156', 'username': 'DisCraft', 'avatar': None, 'discriminator': '1434', 'public_flags': 0, 'flags': 0, 'bot': True, 'banner': None, 'banner_color': None, 'accent_color': None, 'bio': '', 'locale': 'en-US', 'mfa_enabled': True, 'email': None, 'verified': True}
2021-12-25 08:40:43,489:DEBUG:discord.http: GET https://discord.com/api/v7/gateway with None has returned 200
2021-12-25 08:40:43,489:DEBUG:discord.http: GET https://discord.com/api/v7/gateway has received {'url': 'wss://gateway.discord.gg'}
2021-12-25 08:40:43,790:DEBUG:discord.gateway: Created websocket connected to wss://gateway.discord.gg?encoding=json&v=6&compress=zlib-stream
2021-12-25 08:40:43,790:DEBUG:discord.client: Dispatching event socket_raw_receive
2021-12-25 08:40:43,791:DEBUG:discord.gateway: For Shard ID None: WebSocket Event: {'t': None, 's': None, 'op': 10, 'd': {'heartbeat_interval': 41250, '_trace': ['["gateway-prd-main-pdr7",{"micros":0.0}]']}}
2021-12-25 08:40:43,791:DEBUG:discord.client: Dispatching event socket_response
2021-12-25 08:40:43,791:DEBUG:discord.client: Dispatching event socket_raw_send
2021-12-25 08:40:43,792:DEBUG:discord.client: Dispatching event socket_raw_send
2021-12-25 08:40:43,792:INFO:discord.gateway: Shard ID None has sent the IDENTIFY payload.
2021-12-25 08:40:43,878:DEBUG:discord.client: Dispatching event socket_raw_receive
2021-12-25 08:40:43,879:DEBUG:discord.gateway: For Shard ID None: WebSocket Event: {'t': None, 's': None, 'op': 11, 'd': None}
2021-12-25 08:40:43,879:DEBUG:discord.client: Dispatching event socket_response
2021-12-25 08:40:43,958:DEBUG:discord.client: Dispatching event socket_raw_receive
2021-12-25 08:40:43,959:DEBUG:discord.gateway: For Shard ID None: WebSocket Event: {'t': 'READY', 's': 1, 'op': 0, 'd': {'v': 6, 'user_settings': {}, 'user': {'verified': True, 'username': 'DisCraft', 'mfa_enabled': True, 'id': '892164802644955156', 'flags': 0, 'email': None, 'discriminator': '1434', 'bot': True, 'avatar': None}, 'session_id': '592be5183eb2d2701be5dba6cb12cce6', 'relationships': [], 'private_channels': [], 'presences': [], 'guilds': [{'unavailable': True, 'id': '370770755895689220'}], 'guild_join_requests': [], 'geo_ordered_rtc_regions': ['us-west', 'santa-clara', 'seattle', 'us-south', 'us-central'], 'application': {'id': '892164802644955156', 'flags': 262144}, '_trace': ['["gateway-prd-main-pdr7",{"micros":75908,"calls":["discord-sessions-blue-prd-2-52",{"micros":74871,"calls":["start_session",{"micros":51719,"calls":["api-prd-main-3g49",{"micros":40333,"calls":["get_user",{"micros":3637},"add_authorized_ip",{"micros":1913},"get_guilds",{"micros":6507},"coros_wait",{"micros":1}]}]},"guilds_connect",{"micros":1,"calls":[]},"presence_connect",{"micros":17945,"calls":[]}]}]}]']}}
2021-12-25 08:40:43,959:DEBUG:discord.client: Dispatching event socket_response
2021-12-25 08:40:43,959:INFO:discord.gateway: Shard ID None has connected to Gateway: ["gateway-prd-main-pdr7",{"micros":75908,"calls":["discord-sessions-blue-prd-2-52",{"micros":74871,"calls":["start_session",{"micros":51719,"calls":["api-prd-main-3g49",{"micros":40333,"calls":["get_user",{"micros":3637},"add_authorized_ip",{"micros":1913},"get_guilds",{"micros":6507},"coros_wait",{"micros":1}]}]},"guilds_connect",{"micros":1,"calls":[]},"presence_connect",{"micros":17945,"calls":[]}]}]}] (Session ID: 592be5183eb2d2701be5dba6cb12cce6).
2021-12-25 08:40:43,971:DEBUG:discord.client: Dispatching event connect
2021-12-25 08:40:43,971:DEBUG:discord.client: Dispatching event socket_raw_receive
2021-12-25 08:40:43,971:DEBUG:discord.gateway: For Shard ID None: WebSocket Event: {'t': 'GUILD_CREATE', 's': 2, 'op': 0, 'd': {'presences': [], 'system_channel_id': '370770755895689222', 'premium_progress_bar_enabled': False, 'discovery_splash': None, 'guild_scheduled_events': [], 'name': 'Shamgar Private', 'preferred_locale': 'en-US', 'description': None, 'members': [{'user': {'username': 'DisCraft', 'id': '892164802644955156', 'discriminator': '1434', 'bot': True, 'avatar': None}, 'roles': [], 'mute': False, 'joined_at': '2021-09-28T02:43:37.993000+00:00', 'hoisted_role': None, 'deaf': False}], 'emojis': [], 'afk_channel_id': None, 'afk_timeout': 300, 'nsfw_level': 0, 'unavailable': False, 'features': [], 'stage_instances': [], 'rules_channel_id': None, 'max_video_channel_users': 25, 'roles': [{'unicode_emoji': None, 'position': 0, 'permissions_new': '1071698665025', 'permissions': 104324673, 'name': '@everyone', 'mentionable': False, 'managed': False, 'id': '370770755895689220', 'icon': None, 'hoist': False, 'color': 0}, {'unicode_emoji': None, 'tags': {'bot_id': '829509637954601001'}, 'position': 4, 'permissions_new': '8', 'permissions': 8, 'name': 'FFXIV Callouts', 'mentionable': False, 'managed': True, 'id': '829510458419576854', 'icon': None, 'hoist': False, 'color': 0}, {'unicode_emoji': None, 'position': 2, 'permissions_new': '1071698665025', 'permissions': 104324673, 'name': 'new role', 'mentionable': False, 'managed': False, 'id': '892239623533789195', 'icon': None, 'hoist': False, 'color': 0}, {'unicode_emoji': None, 'position': 1, 'permissions_new': '1090921168607', 'permissions': 2146959071, 'name': 'Terminal Commander', 'mentionable': False, 'managed': False, 'id': '892239644568199219', 'icon': None, 'hoist': False, 'color': 15844367}], 'mfa_level': 0, 'splash': None, 'guild_hashes': {'version': 1, 'roles': {'omitted': False, 'hash': 'HgF3pdvlXZM'}, 'metadata': {'omitted': False, 'hash': 'CiQ2A2fCPrw'}, 'channels': {'omitted': False, 'hash': 'jBaD712MCSI'}}, 'public_updates_channel_id': None, 'banner': None, 'default_message_notifications': 0, 'explicit_content_filter': 0, 'vanity_url_code': None, 'verification_level': 0, 'hub_type': None, 'application_command_count': 0, 'owner_id': '115266460049211400', 'application_id': None, 'threads': [], 'premium_subscription_count': 0, 'premium_tier': 0, 'icon': None, 'application_command_counts': {'3': 0, '2': 0, '1': 0}, 'channels': [{'type': 4, 'position': 0, 'permission_overwrites': [], 'name': 'Text Channels', 'id': '370770755895689221'}, {'type': 0, 'topic': None, 'rate_limit_per_user': 0, 'position': 0, 'permission_overwrites': [], 'parent_id': '370770755895689221', 'name': 'general', 'last_message_id': '924337467061075989', 'id': '370770755895689222'}, {'type': 4, 'position': 0, 'permission_overwrites': [], 'name': 'Voice Channels', 'id': '370770755895689223'}, {'user_limit': 0, 'type': 2, 'rtc_region': None, 'rate_limit_per_user': 0, 'position': 0, 'permission_overwrites': [], 'parent_id': '370770755895689223', 'name': 'In Hiding', 'last_message_id': None, 'id': '370770755895689224', 'bitrate': 64000}], 'joined_at': '2021-09-28T02:43:37.993000+00:00', 'lazy': True, 'voice_states': [], 'embedded_activities': [], 'id': '370770755895689220', 'system_channel_flags': 0, 'max_members': 250000, 'nsfw': False, 'member_count': 7, 'region': 'deprecated', 'stickers': [], 'large': False}}
2021-12-25 08:40:43,972:DEBUG:discord.client: Dispatching event socket_response
2021-12-25 08:40:43,972:DEBUG:discord.client: Dispatching event guild_available
2021-12-25 08:40:45,974:DEBUG:discord.client: Dispatching event ready
2021-12-25 08:40:49,779:DEBUG:discord.client: Dispatching event socket_raw_receive
2021-12-25 08:40:49,779:DEBUG:discord.gateway: For Shard ID None: WebSocket Event: {'t': 'TYPING_START', 's': 3, 'op': 0, 'd': {'user_id': '253699748287086592', 'timestamp': 1640450449, 'member': {'user': {'username': 'CrossCheque', 'id': '253699748287086592', 'discriminator': '0973', 'avatar': 'f108df142c0e8fbea334d190b6e35e57'}, 'roles': ['892239644568199219'], 'mute': False, 'joined_at': '2017-10-20T03:10:55.923000+00:00', 'hoisted_role': None, 'deaf': False}, 'channel_id': '370770755895689222', 'guild_id': '370770755895689220'}}
2021-12-25 08:40:49,779:DEBUG:discord.client: Dispatching event socket_response
2021-12-25 08:40:49,780:DEBUG:discord.client: Dispatching event typing
2021-12-25 08:40:50,305:DEBUG:discord.client: Dispatching event socket_raw_receive
2021-12-25 08:40:50,306:DEBUG:discord.gateway: For Shard ID None: WebSocket Event: {'t': 'MESSAGE_CREATE', 's': 4, 'op': 0, 'd': {'type': 0, 'tts': False, 'timestamp': '2021-12-25T16:40:50.236000+00:00', 'referenced_message': None, 'pinned': False, 'nonce': '924340925629464576', 'mentions': [], 'mention_roles': [], 'mention_everyone': False, 'member': {'roles': ['892239644568199219'], 'mute': False, 'joined_at': '2017-10-20T03:10:55.923000+00:00', 'hoisted_role': None, 'deaf': False}, 'id': '924340926225190912', 'flags': 0, 'embeds': [], 'edited_timestamp': None, 'content': '!start', 'components': [], 'channel_id': '370770755895689222', 'author': {'username': 'CrossCheque', 'public_flags': 0, 'id': '253699748287086592', 'discriminator': '0973', 'avatar': 'f108df142c0e8fbea334d190b6e35e57'}, 'attachments': [], 'guild_id': '370770755895689220'}}
2021-12-25 08:40:50,306:DEBUG:discord.client: Dispatching event socket_response
2021-12-25 08:40:50,306:DEBUG:discord.client: Dispatching event message
2021-12-25 08:40:50,307:DEBUG:discord.client: Dispatching event command
2021-12-25 08:40:50,445:DEBUG:discord.client: Dispatching event socket_raw_receive
2021-12-25 08:40:50,445:DEBUG:discord.gateway: For Shard ID None: WebSocket Event: {'t': 'MESSAGE_CREATE', 's': 5, 'op': 0, 'd': {'type': 0, 'tts': False, 'timestamp': '2021-12-25T16:40:50.392000+00:00', 'referenced_message': None, 'pinned': False, 'mentions': [], 'mention_roles': [], 'mention_everyone': False, 'member': {'roles': [], 'mute': False, 'joined_at': '2021-09-28T02:43:37.993000+00:00', 'hoisted_role': None, 'deaf': False}, 'id': '924340926879502346', 'flags': 0, 'embeds': [], 'edited_timestamp': None, 'content': 'Starting!', 'components': [], 'channel_id': '370770755895689222', 'author': {'username': 'DisCraft', 'public_flags': 0, 'id': '892164802644955156', 'discriminator': '1434', 'bot': True, 'avatar': None}, 'attachments': [], 'guild_id': '370770755895689220'}}
2021-12-25 08:40:50,446:DEBUG:discord.client: Dispatching event socket_response
2021-12-25 08:40:50,446:DEBUG:discord.client: Dispatching event message
2021-12-25 08:40:50,464:DEBUG:discord.http: POST https://discord.com/api/v7/channels/370770755895689222/messages with {"content":"Starting!"} has returned 200
2021-12-25 08:40:50,464:DEBUG:discord.http: POST https://discord.com/api/v7/channels/370770755895689222/messages has received {'id': '924340926879502346', 'type': 0, 'content': 'Starting!', 'channel_id': '370770755895689222', 'author': {'id': '892164802644955156', 'username': 'DisCraft', 'avatar': None, 'discriminator': '1434', 'public_flags': 0, 'bot': True}, 'attachments': [], 'embeds': [], 'mentions': [], 'mention_roles': [], 'pinned': False, 'mention_everyone': False, 'tts': False, 'timestamp': '2021-12-25T16:40:50.392000+00:00', 'edited_timestamp': None, 'flags': 0, 'components': [], 'referenced_message': None}
2021-12-25 08:40:50,485:DEBUG:discord.client: Dispatching event command_completion
2021-12-25 08:41:25,047:DEBUG:discord.gateway: Keeping shard ID None websocket alive with sequence 5.
2021-12-25 08:41:25,134:DEBUG:discord.client: Dispatching event socket_raw_receive
2021-12-25 08:41:25,134:DEBUG:discord.gateway: For Shard ID None: WebSocket Event: {'t': None, 's': None, 'op': 11, 'd': None}
2021-12-25 08:41:25,134:DEBUG:discord.client: Dispatching event socket_response
2021-12-25 08:42:06,297:DEBUG:discord.gateway: Keeping shard ID None websocket alive with sequence 5.
2021-12-25 08:42:06,388:DEBUG:discord.client: Dispatching event socket_raw_receive
2021-12-25 08:42:06,388:DEBUG:discord.gateway: For Shard ID None: WebSocket Event: {'t': None, 's': None, 'op': 11, 'd': None}
2021-12-25 08:42:06,388:DEBUG:discord.client: Dispatching event socket_response
2021-12-25 08:42:47,550:DEBUG:discord.gateway: Keeping shard ID None websocket alive with sequence 5.
2021-12-25 08:42:47,639:DEBUG:discord.client: Dispatching event socket_raw_receive
2021-12-25 08:42:47,639:DEBUG:discord.gateway: For Shard ID None: WebSocket Event: {'t': None, 's': None, 'op': 11, 'd': None}
2021-12-25 08:42:47,639:DEBUG:discord.client: Dispatching event socket_response
2021-12-25 08:43:28,801:DEBUG:discord.gateway: Keeping shard ID None websocket alive with sequence 5.
2021-12-25 08:43:28,887:DEBUG:discord.client: Dispatching event socket_raw_receive
2021-12-25 08:43:28,887:DEBUG:discord.gateway: For Shard ID None: WebSocket Event: {'t': None, 's': None, 'op': 11, 'd': None}
2021-12-25 08:43:28,887:DEBUG:discord.client: Dispatching event socket_response
2021-12-25 08:44:10,051:DEBUG:discord.gateway: Keeping shard ID None websocket alive with sequence 5.
2021-12-25 08:44:10,141:DEBUG:discord.client: Dispatching event socket_raw_receive
2021-12-25 08:44:10,142:DEBUG:discord.gateway: For Shard ID None: WebSocket Event: {'t': None, 's': None, 'op': 11, 'd': None}
2021-12-25 08:44:10,142:DEBUG:discord.client: Dispatching event socket_response
2021-12-25 08:44:51,307:DEBUG:discord.gateway: Keeping shard ID None websocket alive with sequence 5.
2021-12-25 08:44:51,394:DEBUG:discord.client: Dispatching event socket_raw_receive
2021-12-25 08:44:51,394:DEBUG:discord.gateway: For Shard ID None: WebSocket Event: {'t': None, 's': None, 'op': 11, 'd': None}
2021-12-25 08:44:51,394:DEBUG:discord.client: Dispatching event socket_response
2021-12-25 08:45:32,562:DEBUG:discord.gateway: Keeping shard ID None websocket alive with sequence 5.
2021-12-25 08:45:32,652:DEBUG:discord.client: Dispatching event socket_raw_receive
2021-12-25 08:45:32,652:DEBUG:discord.gateway: For Shard ID None: WebSocket Event: {'t': None, 's': None, 'op': 11, 'd': None}
2021-12-25 08:45:32,652:DEBUG:discord.client: Dispatching event socket_response
2021-12-25 08:46:13,817:DEBUG:discord.gateway: Keeping shard ID None websocket alive with sequence 5.
2021-12-25 08:46:13,906:DEBUG:discord.client: Dispatching event socket_raw_receive
2021-12-25 08:46:13,906:DEBUG:discord.gateway: For Shard ID None: WebSocket Event: {'t': None, 's': None, 'op': 11, 'd': None}
2021-12-25 08:46:13,906:DEBUG:discord.client: Dispatching event socket_response
2021-12-25 08:46:55,073:DEBUG:discord.gateway: Keeping shard ID None websocket alive with sequence 5.
2021-12-25 08:46:55,161:DEBUG:discord.client: Dispatching event socket_raw_receive
2021-12-25 08:46:55,161:DEBUG:discord.gateway: For Shard ID None: WebSocket Event: {'t': None, 's': None, 'op': 11, 'd': None}
2021-12-25 08:46:55,161:DEBUG:discord.client: Dispatching event socket_response
2021-12-25 08:47:36,328:DEBUG:discord.gateway: Keeping shard ID None websocket alive with sequence 5.
2021-12-25 08:47:36,417:DEBUG:discord.client: Dispatching event socket_raw_receive
2021-12-25 08:47:36,417:DEBUG:discord.gateway: For Shard ID None: WebSocket Event: {'t': None, 's': None, 'op': 11, 'd': None}
2021-12-25 08:47:36,417:DEBUG:discord.client: Dispatching event socket_response
2021-12-25 08:48:17,581:DEBUG:discord.gateway: Keeping shard ID None websocket alive with sequence 5.
2021-12-25 08:48:17,670:DEBUG:discord.client: Dispatching event socket_raw_receive
2021-12-25 08:48:17,670:DEBUG:discord.gateway: For Shard ID None: WebSocket Event: {'t': None, 's': None, 'op': 11, 'd': None}
2021-12-25 08:48:17,670:DEBUG:discord.client: Dispatching event socket_response
2021-12-25 08:48:58,831:DEBUG:discord.gateway: Keeping shard ID None websocket alive with sequence 5.
2021-12-25 08:48:58,929:DEBUG:discord.client: Dispatching event socket_raw_receive
2021-12-25 08:48:58,929:DEBUG:discord.gateway: For Shard ID None: WebSocket Event: {'t': None, 's': None, 'op': 11, 'd': None}
2021-12-25 08:48:58,929:DEBUG:discord.client: Dispatching event socket_response
2021-12-25 08:49:40,086:DEBUG:discord.gateway: Keeping shard ID None websocket alive with sequence 5.
2021-12-25 08:49:40,174:DEBUG:discord.client: Dispatching event socket_raw_receive
2021-12-25 08:49:40,174:DEBUG:discord.gateway: For Shard ID None: WebSocket Event: {'t': None, 's': None, 'op': 11, 'd': None}
2021-12-25 08:49:40,174:DEBUG:discord.client: Dispatching event socket_response
2021-12-25 08:50:21,342:DEBUG:discord.gateway: Keeping shard ID None websocket alive with sequence 5.
2021-12-25 08:50:21,428:DEBUG:discord.client: Dispatching event socket_raw_receive
2021-12-25 08:50:21,428:DEBUG:discord.gateway: For Shard ID None: WebSocket Event: {'t': None, 's': None, 'op': 11, 'd': None}
2021-12-25 08:50:21,428:DEBUG:discord.client: Dispatching event socket_response
2021-12-25 08:51:02,597:DEBUG:discord.gateway: Keeping shard ID None websocket alive with sequence 5.
2021-12-25 08:51:02,686:DEBUG:discord.client: Dispatching event socket_raw_receive
2021-12-25 08:51:02,686:DEBUG:discord.gateway: For Shard ID None: WebSocket Event: {'t': None, 's': None, 'op': 11, 'd': None}
2021-12-25 08:51:02,686:DEBUG:discord.client: Dispatching event socket_response
2021-12-25 08:51:43,853:DEBUG:discord.gateway: Keeping shard ID None websocket alive with sequence 5.
2021-12-25 08:51:43,941:DEBUG:discord.client: Dispatching event socket_raw_receive
2021-12-25 08:51:43,942:DEBUG:discord.gateway: For Shard ID None: WebSocket Event: {'t': None, 's': None, 'op': 11, 'd': None}
2021-12-25 08:51:43,942:DEBUG:discord.client: Dispatching event socket_response
2021-12-25 08:52:25,108:DEBUG:discord.gateway: Keeping shard ID None websocket alive with sequence 5.
2021-12-25 08:52:25,197:DEBUG:discord.client: Dispatching event socket_raw_receive
2021-12-25 08:52:25,197:DEBUG:discord.gateway: For Shard ID None: WebSocket Event: {'t': None, 's': None, 'op': 11, 'd': None}
2021-12-25 08:52:25,197:DEBUG:discord.client: Dispatching event socket_response
2021-12-25 08:53:06,363:DEBUG:discord.gateway: Keeping shard ID None websocket alive with sequence 5.
2021-12-25 08:53:06,449:DEBUG:discord.client: Dispatching event socket_raw_receive
2021-12-25 08:53:06,449:DEBUG:discord.gateway: For Shard ID None: WebSocket Event: {'t': None, 's': None, 'op': 11, 'd': None}
2021-12-25 08:53:06,449:DEBUG:discord.client: Dispatching event socket_response
2021-12-25 08:53:47,614:DEBUG:discord.gateway: Keeping shard ID None websocket alive with sequence 5.
2021-12-25 08:53:47,706:DEBUG:discord.client: Dispatching event socket_raw_receive
2021-12-25 08:53:47,706:DEBUG:discord.gateway: For Shard ID None: WebSocket Event: {'t': None, 's': None, 'op': 11, 'd': None}
2021-12-25 08:53:47,706:DEBUG:discord.client: Dispatching event socket_response
2021-12-25 08:54:28,864:DEBUG:discord.gateway: Keeping shard ID None websocket alive with sequence 5.
2021-12-25 08:54:28,948:DEBUG:discord.client: Dispatching event socket_raw_receive
2021-12-25 08:54:28,948:DEBUG:discord.gateway: For Shard ID None: WebSocket Event: {'t': None, 's': None, 'op': 11, 'd': None}
2021-12-25 08:54:28,948:DEBUG:discord.client: Dispatching event socket_response
2021-12-25 08:55:10,115:DEBUG:discord.gateway: Keeping shard ID None websocket alive with sequence 5.
2021-12-25 08:55:10,203:DEBUG:discord.client: Dispatching event socket_raw_receive
2021-12-25 08:55:10,203:DEBUG:discord.gateway: For Shard ID None: WebSocket Event: {'t': None, 's': None, 'op': 11, 'd': None}
2021-12-25 08:55:10,203:DEBUG:discord.client: Dispatching event socket_response
2021-12-25 08:55:51,370:DEBUG:discord.gateway: Keeping shard ID None websocket alive with sequence 5.
2021-12-25 08:55:51,458:DEBUG:discord.client: Dispatching event socket_raw_receive
2021-12-25 08:55:51,458:DEBUG:discord.gateway: For Shard ID None: WebSocket Event: {'t': None, 's': None, 'op': 11, 'd': None}
2021-12-25 08:55:51,458:DEBUG:discord.client: Dispatching event socket_response
2021-12-25 08:56:32,620:DEBUG:discord.gateway: Keeping shard ID None websocket alive with sequence 5.
2021-12-25 08:56:32,709:DEBUG:discord.client: Dispatching event socket_raw_receive
2021-12-25 08:56:32,709:DEBUG:discord.gateway: For Shard ID None: WebSocket Event: {'t': None, 's': None, 'op': 11, 'd': None}
2021-12-25 08:56:32,710:DEBUG:discord.client: Dispatching event socket_response
2021-12-25 08:57:13,876:DEBUG:discord.gateway: Keeping shard ID None websocket alive with sequence 5.
2021-12-25 08:57:13,964:DEBUG:discord.client: Dispatching event socket_raw_receive
2021-12-25 08:57:13,964:DEBUG:discord.gateway: For Shard ID None: WebSocket Event: {'t': None, 's': None, 'op': 11, 'd': None}
2021-12-25 08:57:13,964:DEBUG:discord.client: Dispatching event socket_response
